<?xml version="1.0" encoding="UTF-8"?>
<!-- Generated by org.testng.reporters.JUnitReportReporter -->
<testsuite hostname="Subashree-PC" failures="0" tests="1" name="testcases.LoginTest" time="17.663" errors="0" timestamp="14 Aug 2024 10:23:19 GMT" skipped="0">
  <testcase classname="testcases.LoginTest" name="LoginFailureTest" time="17.663"/>
</testsuite> <!-- testcases.LoginTest -->
