<?xml version="1.0" encoding="UTF-8"?>
<!-- Generated by org.testng.reporters.JUnitReportReporter -->
<testsuite hostname="Subashree-PC" failures="0" tests="1" name="testcases.LoginTest" time="15.216" errors="0" timestamp="14 Aug 2024 11:19:12 GMT" skipped="0">
  <testcase classname="testcases.LoginTest" name="LoginFailureTest" time="15.216"/>
</testsuite> <!-- testcases.LoginTest -->
